<?xml version="1.0" encoding="UTF-8"?>
<!-- Generated by org.testng.reporters.JUnitReportReporter -->
<testsuite skipped="0" hostname="LAPTOP-QHVUHL2M" name="Login" tests="1" failures="0" timestamp="2021-05-23T10:45:01 IST" time="7.005" errors="0">
  <testcase name="set" time="7.005" classname="Login"/>
  <system-out/>
</testsuite> <!-- Login -->
